{"synthetic": false,
 "schemaVersion": "2025-09-10",
 "outputs":
 {"o": ["3872906a02ae1b1b.olean"],
  "i": "65138bc9f5e37b54.ilean",
  "c": "6f14c92b68a8d1a4.c"},
 "log":
 [{"message":
   ".> LEAN_PATH=/home/node/.openclaw/workspaces/ou_c70286d6f73543557c8b51f12eb65b1d/cufun-theory/.lake/packages/Cli/.lake/build/lib/lean:/home/node/.openclaw/workspaces/ou_c70286d6f73543557c8b51f12eb65b1d/cufun-theory/.lake/packages/batteries/.lake/build/lib/lean:/home/node/.openclaw/workspaces/ou_c70286d6f73543557c8b51f12eb65b1d/cufun-theory/.lake/packages/Qq/.lake/build/lib/lean:/home/node/.openclaw/workspaces/ou_c70286d6f73543557c8b51f12eb65b1d/cufun-theory/.lake/packages/aesop/.lake/build/lib/lean:/home/node/.openclaw/workspaces/ou_c70286d6f73543557c8b51f12eb65b1d/cufun-theory/.lake/packages/proofwidgets/.lake/build/lib/lean:/home/node/.openclaw/workspaces/ou_c70286d6f73543557c8b51f12eb65b1d/cufun-theory/.lake/packages/importGraph/.lake/build/lib/lean:/home/node/.openclaw/workspaces/ou_c70286d6f73543557c8b51f12eb65b1d/cufun-theory/.lake/packages/LeanSearchClient/.lake/build/lib/lean:/home/node/.openclaw/workspaces/ou_c70286d6f73543557c8b51f12eb65b1d/cufun-theory/.lake/packages/plausible/.lake/build/lib/lean:/home/node/.openclaw/workspaces/ou_c70286d6f73543557c8b51f12eb65b1d/cufun-theory/.lake/packages/mathlib/.lake/build/lib/lean:/home/node/.openclaw/workspaces/ou_c70286d6f73543557c8b51f12eb65b1d/cufun-theory/.lake/build/lib/lean /home/node/.elan/toolchains/leanprover--lean4---v4.29.0-rc6/bin/lean /home/node/.openclaw/workspaces/ou_c70286d6f73543557c8b51f12eb65b1d/cufun-theory/CuFunTheory.lean -o /home/node/.openclaw/workspaces/ou_c70286d6f73543557c8b51f12eb65b1d/cufun-theory/.lake/build/lib/lean/CuFunTheory.olean -i /home/node/.openclaw/workspaces/ou_c70286d6f73543557c8b51f12eb65b1d/cufun-theory/.lake/build/lib/lean/CuFunTheory.ilean -c /home/node/.openclaw/workspaces/ou_c70286d6f73543557c8b51f12eb65b1d/cufun-theory/.lake/build/ir/CuFunTheory.c --setup /home/node/.openclaw/workspaces/ou_c70286d6f73543557c8b51f12eb65b1d/cufun-theory/.lake/build/ir/CuFunTheory.setup.json --json",
   "level": "trace"},
  {"message":
   "CuFunTheory.lean:87:56: unused variable `a`\n\nNote: This linter can be disabled with `set_option linter.unusedVariables false`",
   "level": "warning"},
  {"message":
   "CuFunTheory.lean:87:58: unused variable `b`\n\nNote: This linter can be disabled with `set_option linter.unusedVariables false`",
   "level": "warning"},
  {"message":
   "CuFunTheory.lean:160:5: unused variable `hLW_pos`\n\nNote: This linter can be disabled with `set_option linter.unusedVariables false`",
   "level": "warning"},
  {"message":
   "CuFunTheory.lean:168:40: 'push_cast' tactic does nothing\n\nNote: This linter can be disabled with `set_option linter.unusedTactic false`",
   "level": "warning"}],
 "inputs":
 [["CuFunTheory:deps",
   [["deps",
     [["CuFunTheory/CuFunTheory:extraDep",
       [["@CuFunTheory:extraDep", "00000000000006bb"]]],
      ["imports",
       [["Mathlib.Analysis.Calculus.Deriv.Basic transitive imports (legacy)",
         "e4d51e4be7bec263"],
        ["Mathlib.Analysis.Calculus.Deriv.Basic:importAllArts",
         "515fb1bfa47b9a3b"],
        ["Mathlib.Analysis.Calculus.MeanValue transitive imports (legacy)",
         "118a7f04b20de0ac"],
        ["Mathlib.Analysis.Calculus.MeanValue:importAllArts",
         "5cbae49cc0fef1c7"],
        ["Mathlib.MeasureTheory.Integral.IntervalIntegral.FundThmCalculus transitive imports (legacy)",
         "eb7fd417227d895c"],
        ["Mathlib.MeasureTheory.Integral.IntervalIntegral.FundThmCalculus:importAllArts",
         "7d81fa96d74897e3"],
        ["Mathlib.Topology.Algebra.Order.LiminfLimsup transitive imports (legacy)",
         "33bf6dd515863e80"],
        ["Mathlib.Topology.Algebra.Order.LiminfLimsup:importAllArts",
         "9ae1313fa67dcad5"],
        ["Mathlib.Analysis.SpecialFunctions.Log.Basic transitive imports (legacy)",
         "9f944e347a268830"],
        ["Mathlib.Analysis.SpecialFunctions.Log.Basic:importAllArts",
         "fe5662343b3b0627"],
        ["Mathlib.Analysis.SpecialFunctions.ExpDeriv transitive imports (legacy)",
         "359c309d648aeecf"],
        ["Mathlib.Analysis.SpecialFunctions.ExpDeriv:importAllArts",
         "7ddcde754f824f75"],
        ["Mathlib.Algebra.Order.Monoid.Basic transitive imports (legacy)",
         "c56af34f5686f43c"],
        ["Mathlib.Algebra.Order.Monoid.Basic:importAllArts",
         "a52eba69594648de"],
        ["Mathlib.Analysis.SpecialFunctions.Pow.Real transitive imports (legacy)",
         "94a89cc2820fd4e8"],
        ["Mathlib.Analysis.SpecialFunctions.Pow.Real:importAllArts",
         "9885d311ec0320a2"]]]]],
    ["libs",
     [["import dynlibs", "00000000000006bb"],
      ["package external libraries", "00000000000006bb"],
      ["module dynlibs", "00000000000006bb"],
      ["module plugins", "00000000000006bb"]]]]],
  ["Lean 4.29.0, commit 00659f8e6071d7e46131ed643bf8003b99b044e9",
   "d4ef66a63896cd60"],
  ["/home/node/.openclaw/workspaces/ou_c70286d6f73543557c8b51f12eb65b1d/cufun-theory/CuFunTheory.lean",
   "9fa47c11f4e72771"],
  ["options", "00000000000006bb"],
  ["isModule: false", "feefd2a0d3a1847e"],
  ["Module.name: CuFunTheory", "f2989514600d1a92"],
  ["Package.id?: (some CuFunTheory)", "ecbc3223c7c4421d"],
  ["Module.leanArgs: #[]", "00000000000006bb"]],
 "depHash": "ee9483e58d3b2807"}